<?xml version='1.0' encoding='UTF-8'?>
<testsuite hostname="C02P99VWG3QD" name="CheckoutSpec" tests="9" errors="0" failures="0" skipped="0" time="0.028" timestamp="2019-01-24T11:02:39">
                     <properties>
[...]
</properties>
                     <testcase classname="CheckoutSpec" name="calculateSubtotalWithRecursion should Return 0 for an empty list" time="0.021">
                                                 
                                               </testcase><testcase classname="CheckoutSpec" name="calculateSubtotalWithRecursion should Return 50 for a list with an A" time="0.001">
                                                 
                                               </testcase><testcase classname="CheckoutSpec" name="calculateSubtotalWithRecursion should Return 35 for a list with a C and a D" time="0.0">
                                                 
                                               </testcase><testcase classname="CheckoutSpec" name="calculateSubtotalWithPM should Return 0 for an empty list" time="0.001">
                                                 
                                               </testcase><testcase classname="CheckoutSpec" name="calculateSubtotalWithPM should Return 50 for a list with an A" time="0.001">
                                                 
                                               </testcase><testcase classname="CheckoutSpec" name="calculateSubtotalWithPM should Return 35 for a list with a C and a D" time="0.0">
                                                 
                                               </testcase><testcase classname="CheckoutSpec" name="calculateSubtotalWithFold should Return 0 for an empty list" time="0.004">
                                                 
                                               </testcase><testcase classname="CheckoutSpec" name="calculateSubtotalWithFold should Return 50 for a list with an A" time="0.0">
                                                 
                                               </testcase><testcase classname="CheckoutSpec" name="calculateSubtotalWithFold should Return 35 for a list with a C and a D" time="0.0">
                                                 
                                               </testcase>
                     <system-out><![CDATA[]]></system-out>
                     <system-err><![CDATA[]]></system-err>
                   </testsuite>